<?xml version="1.0" encoding="UTF-8"?>
<!-- Generated by org.testng.reporters.JUnitReportReporter -->
<testsuite skipped="0" hostname="NBCO0020" name="tests.tests" tests="3" failures="0" timestamp="26 ago 2019 20:07:53 GMT" time="33.001" errors="0">
  <testcase name="pruebaTres" time="14.846" classname="tests.tests"/>
  <testcase name="pruebaUno" time="6.034" classname="tests.tests"/>
  <testcase name="pruebaDos" time="12.121" classname="tests.tests"/>
</testsuite> <!-- tests.tests -->
